Arguments: 
  C:\Program Files\nodejs\node.exe C:\Users\ulima\AppData\Roaming\npm\node_modules\yarn\bin\yarn.js init

PATH: 
  C:\Users\ulima\AppData\Roaming\Python\Python310;C:\Users\ulima\AppData\Roaming\Python\Python310\Scripts;H:\Git\cmd;C:\Program Files\Docker\Docker\resources\bin;C:\ProgramData\DockerDesktop\version-bin;C:\Program Files\dotnet\;C:\Program Files\Microsoft SQL Server\Client SDK\ODBC\170\Tools\Binn\;C:\Program Files (x86)\Microsoft SQL Server\150\Tools\Binn\;C:\Program Files\Microsoft SQL Server\150\Tools\Binn\;C:\Program Files\Microsoft SQL Server\150\DTS\Binn\;C:\Program Files\MongoDB\Server\6.0\bin;C:\Program Files\nodejs\;C:\Windows\System32;C:\Users\ulima\AppData\Local\Programs\Python\Python310\Scripts\;C:\Users\ulima\AppData\Local\Programs\Python\Python310\;F:\Ruby31-x64\bin;C:\Users\ulima\AppData\Local\Microsoft\WindowsApps;H:\Microsoft VS Code\bin;C:\Program Files\Docker\Docker\resources\bin;C:\Users\ulima\.dotnet\tools;C:\Program Files\MongoDB\Server\6.0\bin;C:\Users\ulima\AppData\Roaming\npm;

Yarn version: 
  1.22.19

Node version: 
  16.16.0

Platform: 
  win32 x64

Trace: 
  Error: canceled
      at Interface.<anonymous> (C:\Users\ulima\AppData\Roaming\npm\node_modules\yarn\lib\cli.js:137150:13)
      at Interface.emit (node:events:527:28)
      at Interface._ttyWrite (node:readline:1081:16)
      at ReadStream.onkeypress (node:readline:288:10)
      at ReadStream.emit (node:events:527:28)
      at emitKeys (node:internal/readline/utils:358:14)
      at emitKeys.next (<anonymous>)
      at ReadStream.onData (node:internal/readline/emitKeypressEvents:61:36)
      at ReadStream.emit (node:events:527:28)
      at addChunk (node:internal/streams/readable:315:12)

npm manifest: 
  No manifest

yarn manifest: 
  No manifest

Lockfile: 
  No lockfile
